[file:(demoServer.c), func(log_init), line(98), time(Tue Feb 20 12:34:45 2024)]
=====================log init done.====================

[file:(demoClient.c), func(log_init), line(97), time(Tue Feb 20 12:34:49 2024)]
=====================log init done.====================

[file:(demoServer.c), func(log_init), line(95), time(Tue Feb 20 16:01:21 2024)]
=====================log init done.====================

[file:(demoClient.c), func(log_init), line(97), time(Tue Feb 20 16:01:23 2024)]
=====================log init done.====================

[file:(demoServer.c), func(log_init), line(95), time(Tue Feb 20 16:04:17 2024)]
=====================log init done.====================

[file:(demoClient.c), func(log_init), line(97), time(Tue Feb 20 16:04:21 2024)]
=====================log init done.====================

[file:(demoServer.c), func(log_init), line(95), time(Tue Feb 20 16:14:53 2024)]
=====================log init done.====================

[file:(demoServer.c), func(log_init), line(95), time(Tue Feb 20 16:15:45 2024)]
=====================log init done.====================

[file:(demoServer.c), func(log_init), line(92), time(Tue Feb 20 16:37:12 2024)]
=====================log init done.====================

[file:(demoClient.c), func(log_init), line(97), time(Tue Feb 20 16:37:20 2024)]
=====================log init done.====================

[file:(demoClient.c), func(log_init), line(97), time(Tue Feb 20 16:37:28 2024)]
=====================log init done.====================

[file:(demoServer.c), func(log_init), line(92), time(Tue Feb 20 16:44:09 2024)]
=====================log init done.====================

[file:(demoClient.c), func(log_init), line(97), time(Tue Feb 20 16:44:12 2024)]
=====================log init done.====================

[file:(demoClient.c), func(log_init), line(97), time(Tue Feb 20 16:44:20 2024)]
=====================log init done.====================

[file:(demoServer.c), func(log_init), line(92), time(Tue Feb 20 16:48:17 2024)]
=====================log init done.====================

[file:(demoClient.c), func(log_init), line(97), time(Tue Feb 20 16:48:33 2024)]
=====================log init done.====================

[file:(demoClient.c), func(log_init), line(97), time(Tue Feb 20 16:48:35 2024)]
=====================log init done.====================

[file:(demoServer.c), func(quitGroup), line(463), time(Tue Feb 20 16:49:17 2024)]
查找表xiao中是否有qun
[file:(demoServer.c), func(quitGroup), line(463), time(Tue Feb 20 16:49:38 2024)]
查找表xiao中是否有qun
[file:(demoServer.c), func(log_init), line(93), time(Tue Feb 20 17:47:06 2024)]
=====================log init done.====================

[file:(demoClient.c), func(log_init), line(97), time(Tue Feb 20 17:47:12 2024)]
=====================log init done.====================

[file:(demoClient.c), func(log_init), line(97), time(Tue Feb 20 17:47:15 2024)]
=====================log init done.====================

[file:(demoClient.c), func(log_init), line(97), time(Tue Feb 20 17:48:00 2024)]
=====================log init done.====================

[file:(demoServer.c), func(quitGroup), line(464), time(Tue Feb 20 17:48:16 2024)]
退群：查找用户xiao是否已经加入群聊qun。
[file:(demoServer.c), func(quitGroup), line(495), time(Tue Feb 20 17:48:16 2024)]
退群：查找群聊qun是否没有成员。
[file:(demoServer.c), func(quitGroup), line(464), time(Tue Feb 20 17:48:25 2024)]
退群：查找用户lisi是否已经加入群聊qun。
[file:(demoServer.c), func(quitGroup), line(495), time(Tue Feb 20 17:48:25 2024)]
退群：查找群聊qun是否没有成员。
[file:(demoClient.c), func(log_init), line(97), time(Tue Feb 20 17:48:56 2024)]
=====================log init done.====================

[file:(demoServer.c), func(quitGroup), line(464), time(Tue Feb 20 17:49:05 2024)]
退群：查找用户ll是否已经加入群聊qun。
[file:(demoServer.c), func(quitGroup), line(495), time(Tue Feb 20 17:49:05 2024)]
退群：查找群聊qun是否没有成员。
[file:(demoServer.c), func(log_init), line(93), time(Tue Feb 20 18:00:32 2024)]
=====================log init done.====================

[file:(demoClient.c), func(log_init), line(97), time(Tue Feb 20 18:00:37 2024)]
=====================log init done.====================

[file:(demoClient.c), func(log_init), line(97), time(Tue Feb 20 18:00:40 2024)]
=====================log init done.====================

[file:(demoClient.c), func(log_init), line(97), time(Tue Feb 20 18:00:46 2024)]
=====================log init done.====================

[file:(demoServer.c), func(quitGroup), line(464), time(Tue Feb 20 18:01:31 2024)]
退群：查找用户xiao是否已经加入群聊qun。
[file:(demoServer.c), func(quitGroup), line(495), time(Tue Feb 20 18:01:31 2024)]
退群：查找群聊qun是否没有成员。
[file:(demoServer.c), func(log_init), line(93), time(Tue Feb 20 18:03:14 2024)]
=====================log init done.====================

[file:(demoClient.c), func(log_init), line(97), time(Tue Feb 20 18:03:20 2024)]
=====================log init done.====================

[file:(demoServer.c), func(quitGroup), line(464), time(Tue Feb 20 18:03:36 2024)]
退群：查找用户xiao是否已经加入群聊qun。
[file:(demoServer.c), func(quitGroup), line(495), time(Tue Feb 20 18:03:36 2024)]
退群：查找群聊qun是否没有成员。
[file:(demoServer.c), func(log_init), line(93), time(Tue Feb 20 18:04:11 2024)]
=====================log init done.====================

[file:(demoClient.c), func(log_init), line(97), time(Tue Feb 20 18:04:15 2024)]
=====================log init done.====================

[file:(demoServer.c), func(quitGroup), line(464), time(Tue Feb 20 18:04:32 2024)]
退群：查找用户xiao是否已经加入群聊qun。
[file:(demoServer.c), func(quitGroup), line(495), time(Tue Feb 20 18:04:32 2024)]
退群：查找群聊qun是否没有成员。
[file:(demoServer.c), func(log_init), line(93), time(Tue Feb 20 18:06:21 2024)]
=====================log init done.====================

[file:(demoClient.c), func(log_init), line(97), time(Tue Feb 20 18:06:29 2024)]
=====================log init done.====================

[file:(demoServer.c), func(quitGroup), line(464), time(Tue Feb 20 18:06:44 2024)]
退群：查找用户xiao是否已经加入群聊qun。
[file:(demoServer.c), func(quitGroup), line(495), time(Tue Feb 20 18:06:44 2024)]
退群：查找群聊qun是否没有成员。
[file:(demoServer.c), func(log_init), line(93), time(Tue Feb 20 18:08:48 2024)]
=====================log init done.====================

[file:(demoClient.c), func(log_init), line(97), time(Tue Feb 20 18:08:52 2024)]
=====================log init done.====================

[file:(demoServer.c), func(quitGroup), line(464), time(Tue Feb 20 18:09:08 2024)]
退群：查找用户xiao是否已经加入群聊qun。
[file:(demoServer.c), func(quitGroup), line(495), time(Tue Feb 20 18:09:08 2024)]
退群：查找群聊qun是否没有成员。
[file:(demoServer.c), func(log_init), line(93), time(Tue Feb 20 18:11:01 2024)]
=====================log init done.====================

[file:(demoServer.c), func(log_init), line(93), time(Tue Feb 20 18:11:49 2024)]
=====================log init done.====================

[file:(demoClient.c), func(log_init), line(97), time(Tue Feb 20 18:11:52 2024)]
=====================log init done.====================

[file:(demoClient.c), func(log_init), line(97), time(Tue Feb 20 18:12:11 2024)]
=====================log init done.====================

[file:(demoClient.c), func(log_init), line(97), time(Tue Feb 20 18:12:32 2024)]
=====================log init done.====================

[file:(demoServer.c), func(quitGroup), line(464), time(Tue Feb 20 18:12:40 2024)]
退群：查找用户xiao是否已经加入群聊qun。
[file:(demoServer.c), func(quitGroup), line(495), time(Tue Feb 20 18:12:40 2024)]
退群：查找群聊qun是否没有成员。
[file:(demoServer.c), func(log_init), line(93), time(Tue Feb 20 18:13:21 2024)]
=====================log init done.====================

[file:(demoClient.c), func(log_init), line(97), time(Tue Feb 20 18:13:24 2024)]
=====================log init done.====================

[file:(demoServer.c), func(quitGroup), line(464), time(Tue Feb 20 18:13:32 2024)]
退群：查找用户xiao是否已经加入群聊qun。
[file:(demoServer.c), func(quitGroup), line(464), time(Tue Feb 20 18:13:40 2024)]
退群：查找用户xiao是否已经加入群聊qun。
[file:(demoServer.c), func(quitGroup), line(495), time(Tue Feb 20 18:13:40 2024)]
退群：查找群聊qun是否没有成员。
[file:(demoServer.c), func(log_init), line(93), time(Tue Feb 20 18:26:24 2024)]
=====================log init done.====================

[file:(demoClient.c), func(log_init), line(97), time(Tue Feb 20 18:26:29 2024)]
=====================log init done.====================

[file:(demoServer.c), func(quitGroup), line(464), time(Tue Feb 20 18:26:40 2024)]
退群：查找用户xiao是否已经加入群聊qun。
[file:(demoServer.c), func(quitGroup), line(495), time(Tue Feb 20 18:26:40 2024)]
退群：查找群聊qun是否没有成员。
[file:(demoServer.c), func(log_init), line(93), time(Tue Feb 20 18:31:09 2024)]
=====================log init done.====================

[file:(demoClient.c), func(log_init), line(97), time(Tue Feb 20 18:31:15 2024)]
=====================log init done.====================

[file:(demoServer.c), func(quitGroup), line(464), time(Tue Feb 20 18:31:23 2024)]
退群：查找用户xiao是否已经加入群聊qun。
[file:(demoServer.c), func(quitGroup), line(495), time(Tue Feb 20 18:31:23 2024)]
退群：查找群聊qun是否没有成员。
[file:(demoServer.c), func(log_init), line(93), time(Tue Feb 20 18:31:51 2024)]
=====================log init done.====================

[file:(demoClient.c), func(log_init), line(97), time(Tue Feb 20 18:32:01 2024)]
=====================log init done.====================

[file:(demoServer.c), func(quitGroup), line(464), time(Tue Feb 20 18:32:14 2024)]
退群：查找用户xiao是否已经加入群聊qun。
[file:(demoServer.c), func(quitGroup), line(495), time(Tue Feb 20 18:32:14 2024)]
退群：查找群聊qun是否没有成员。
[file:(demoServer.c), func(log_init), line(93), time(Tue Feb 20 18:33:05 2024)]
=====================log init done.====================

[file:(demoClient.c), func(log_init), line(97), time(Tue Feb 20 18:33:18 2024)]
=====================log init done.====================

[file:(demoServer.c), func(quitGroup), line(464), time(Tue Feb 20 18:33:27 2024)]
退群：查找用户xiao是否已经加入群聊qun。
[file:(demoServer.c), func(quitGroup), line(495), time(Tue Feb 20 18:33:27 2024)]
退群：查找群聊qun是否没有成员。
[file:(demoServer.c), func(log_init), line(93), time(Tue Feb 20 18:35:00 2024)]
=====================log init done.====================

[file:(demoClient.c), func(log_init), line(97), time(Tue Feb 20 18:35:04 2024)]
=====================log init done.====================

[file:(demoServer.c), func(quitGroup), line(464), time(Tue Feb 20 18:35:13 2024)]
退群：查找用户xiao是否已经加入群聊qun。
[file:(demoServer.c), func(quitGroup), line(495), time(Tue Feb 20 18:35:13 2024)]
退群：查找群聊qun是否没有成员。
[file:(demoServer.c), func(log_init), line(93), time(Tue Feb 20 20:33:46 2024)]
=====================log init done.====================

[file:(demoClient.c), func(log_init), line(97), time(Tue Feb 20 20:33:50 2024)]
=====================log init done.====================

[file:(demoServer.c), func(quitGroup), line(464), time(Tue Feb 20 20:34:03 2024)]
退群：查找用户xiao是否已经加入群聊qun。
[file:(demoServer.c), func(quitGroup), line(495), time(Tue Feb 20 20:34:03 2024)]
退群：查找群聊qun是否没有成员。
[file:(demoServer.c), func(log_init), line(93), time(Tue Feb 20 20:35:42 2024)]
=====================log init done.====================

[file:(demoClient.c), func(log_init), line(97), time(Tue Feb 20 20:35:44 2024)]
=====================log init done.====================

[file:(demoServer.c), func(quitGroup), line(464), time(Tue Feb 20 20:36:01 2024)]
退群：查找用户xiao是否已经加入群聊qun。
[file:(demoServer.c), func(quitGroup), line(495), time(Tue Feb 20 20:36:01 2024)]
退群：查找群聊qun是否没有成员。
[file:(demoServer.c), func(log_init), line(93), time(Tue Feb 20 20:36:40 2024)]
=====================log init done.====================

[file:(demoClient.c), func(log_init), line(97), time(Tue Feb 20 20:36:41 2024)]
=====================log init done.====================

[file:(demoServer.c), func(quitGroup), line(464), time(Tue Feb 20 20:36:52 2024)]
退群：查找用户xiao是否已经加入群聊qun。
[file:(demoServer.c), func(quitGroup), line(495), time(Tue Feb 20 20:36:52 2024)]
退群：查找群聊qun是否没有成员。
[file:(demoServer.c), func(log_init), line(93), time(Tue Feb 20 20:37:44 2024)]
=====================log init done.====================

[file:(demoClient.c), func(log_init), line(97), time(Tue Feb 20 20:37:48 2024)]
=====================log init done.====================

[file:(demoServer.c), func(quitGroup), line(464), time(Tue Feb 20 20:37:59 2024)]
退群：查找用户xiao是否已经加入群聊qun。
[file:(demoServer.c), func(quitGroup), line(495), time(Tue Feb 20 20:37:59 2024)]
退群：查找群聊qun是否没有成员。
[file:(demoServer.c), func(log_init), line(93), time(Tue Feb 20 20:38:43 2024)]
=====================log init done.====================

[file:(demoClient.c), func(log_init), line(97), time(Tue Feb 20 20:38:46 2024)]
=====================log init done.====================

[file:(demoServer.c), func(quitGroup), line(464), time(Tue Feb 20 20:38:55 2024)]
退群：查找用户xiao是否已经加入群聊qun。
[file:(demoServer.c), func(quitGroup), line(495), time(Tue Feb 20 20:38:55 2024)]
退群：查找群聊qun是否没有成员。
[file:(demoServer.c), func(log_init), line(93), time(Tue Feb 20 20:46:15 2024)]
=====================log init done.====================

[file:(demoClient.c), func(log_init), line(97), time(Tue Feb 20 20:46:17 2024)]
=====================log init done.====================

[file:(demoServer.c), func(quitGroup), line(464), time(Tue Feb 20 20:46:27 2024)]
退群：查找用户xiao是否已经加入群聊qun。
[file:(demoServer.c), func(quitGroup), line(495), time(Tue Feb 20 20:46:27 2024)]
退群：查找群聊qun是否没有成员。
[file:(demoServer.c), func(log_init), line(93), time(Tue Feb 20 20:48:52 2024)]
=====================log init done.====================

[file:(demoClient.c), func(log_init), line(97), time(Tue Feb 20 20:48:54 2024)]
=====================log init done.====================

[file:(demoServer.c), func(quitGroup), line(464), time(Tue Feb 20 20:49:04 2024)]
退群：查找用户xiao是否已经加入群聊qun。
[file:(demoServer.c), func(quitGroup), line(495), time(Tue Feb 20 20:49:04 2024)]
退群：查找群聊qun是否没有成员。
[file:(demoServer.c), func(log_init), line(93), time(Tue Feb 20 20:50:45 2024)]
=====================log init done.====================

[file:(demoClient.c), func(log_init), line(97), time(Tue Feb 20 20:50:47 2024)]
=====================log init done.====================

[file:(demoServer.c), func(quitGroup), line(464), time(Tue Feb 20 20:50:56 2024)]
退群：查找用户xiao是否已经加入群聊qun。
[file:(demoServer.c), func(quitGroup), line(495), time(Tue Feb 20 20:50:56 2024)]
退群：查找群聊qun是否没有成员。
[file:(demoServer.c), func(quitGroup), line(499), time(Tue Feb 20 20:50:56 2024)]
退群：删除空的群聊qun
[file:(demoServer.c), func(log_init), line(93), time(Tue Feb 20 20:51:19 2024)]
=====================log init done.====================

[file:(demoClient.c), func(log_init), line(97), time(Tue Feb 20 20:51:24 2024)]
=====================log init done.====================

[file:(demoServer.c), func(quitGroup), line(464), time(Tue Feb 20 20:51:34 2024)]
退群：查找用户xiao是否已经加入群聊qun。
[file:(demoServer.c), func(quitGroup), line(495), time(Tue Feb 20 20:51:34 2024)]
退群：查找群聊qun是否没有成员。
[file:(demoServer.c), func(quitGroup), line(499), time(Tue Feb 20 20:51:34 2024)]
退群：删除空的群聊qun
[file:(demoServer.c), func(log_init), line(93), time(Tue Feb 20 21:04:21 2024)]
=====================log init done.====================

[file:(demoClient.c), func(log_init), line(97), time(Tue Feb 20 21:04:24 2024)]
=====================log init done.====================

[file:(demoServer.c), func(log_init), line(93), time(Tue Feb 20 21:06:17 2024)]
=====================log init done.====================

[file:(demoClient.c), func(log_init), line(97), time(Tue Feb 20 21:06:19 2024)]
=====================log init done.====================

[file:(demoServer.c), func(log_init), line(93), time(Tue Feb 20 21:08:34 2024)]
=====================log init done.====================

[file:(demoClient.c), func(log_init), line(97), time(Tue Feb 20 21:08:37 2024)]
=====================log init done.====================

[file:(demoServer.c), func(log_init), line(93), time(Tue Feb 20 21:15:41 2024)]
=====================log init done.====================

[file:(demoServer.c), func(log_init), line(93), time(Tue Feb 20 21:15:44 2024)]
=====================log init done.====================

[file:(demoServer.c), func(log_init), line(93), time(Tue Feb 20 21:16:25 2024)]
=====================log init done.====================

[file:(demoClient.c), func(log_init), line(97), time(Tue Feb 20 21:16:29 2024)]
=====================log init done.====================

[file:(demoServer.c), func(log_init), line(93), time(Tue Feb 20 21:28:03 2024)]
=====================log init done.====================

[file:(demoClient.c), func(log_init), line(97), time(Tue Feb 20 21:28:10 2024)]
=====================log init done.====================

[file:(demoServer.c), func(log_init), line(93), time(Tue Feb 20 21:37:43 2024)]
=====================log init done.====================

[file:(demoClient.c), func(log_init), line(97), time(Tue Feb 20 21:37:45 2024)]
=====================log init done.====================

[file:(demoServer.c), func(log_init), line(93), time(Tue Feb 20 21:39:11 2024)]
=====================log init done.====================

[file:(demoClient.c), func(log_init), line(97), time(Tue Feb 20 21:39:13 2024)]
=====================log init done.====================

[file:(demoServer.c), func(quitGroup), line(464), time(Tue Feb 20 21:45:48 2024)]
退群：查找用户xiao是否已经加入群聊qun。
[file:(demoClient.c), func(log_init), line(97), time(Tue Feb 20 21:55:16 2024)]
=====================log init done.====================

[file:(demoServer.c), func(quitGroup), line(464), time(Tue Feb 20 21:55:32 2024)]
退群：查找用户ping是否已经加入群聊xiaozhu。
[file:(demoServer.c), func(quitGroup), line(495), time(Tue Feb 20 21:55:32 2024)]
退群：查找群聊xiaozhu是否没有成员。
[file:(demoServer.c), func(quitGroup), line(499), time(Tue Feb 20 21:55:32 2024)]
退群：删除空的群聊xiaozhu
[file:(demoServer.c), func(log_init), line(93), time(Tue Feb 20 22:01:48 2024)]
=====================log init done.====================

[file:(demoClient.c), func(log_init), line(97), time(Tue Feb 20 22:01:50 2024)]
=====================log init done.====================

[file:(demoServer.c), func(quitGroup), line(464), time(Tue Feb 20 22:02:55 2024)]
退群：查找用户dazhaung是否已经加入群聊xiaozhu。
[file:(demoServer.c), func(quitGroup), line(495), time(Tue Feb 20 22:02:55 2024)]
退群：查找群聊xiaozhu是否没有成员。
[file:(demoServer.c), func(quitGroup), line(499), time(Tue Feb 20 22:02:55 2024)]
退群：删除空的群聊xiaozhu
[file:(demoServer.c), func(log_init), line(93), time(Tue Feb 20 22:08:28 2024)]
=====================log init done.====================

[file:(demoClient.c), func(log_init), line(97), time(Tue Feb 20 22:08:32 2024)]
=====================log init done.====================

[file:(demoServer.c), func(quitGroup), line(464), time(Tue Feb 20 22:08:52 2024)]
退群：查找用户dazhaung是否已经加入群聊xiaozhu。
[file:(demoServer.c), func(quitGroup), line(493), time(Tue Feb 20 22:08:52 2024)]
退群：查找群聊xiaozhu是否没有成员。
[file:(demoServer.c), func(quitGroup), line(496), time(Tue Feb 20 22:08:52 2024)]
退群：删除空的群聊xiaozhu
[file:(demoClient.c), func(log_init), line(97), time(Tue Feb 20 22:09:12 2024)]
=====================log init done.====================

[file:(demoServer.c), func(quitGroup), line(464), time(Tue Feb 20 22:09:29 2024)]
退群：查找用户liang是否已经加入群聊xiaozhu。
[file:(demoServer.c), func(quitGroup), line(493), time(Tue Feb 20 22:09:29 2024)]
退群：查找群聊xiaozhu是否没有成员。
[file:(demoServer.c), func(quitGroup), line(496), time(Tue Feb 20 22:09:29 2024)]
退群：删除空的群聊xiaozhu
[file:(demoClient.c), func(log_init), line(97), time(Tue Feb 20 22:11:14 2024)]
=====================log init done.====================

[file:(demoServer.c), func(quitGroup), line(464), time(Tue Feb 20 22:11:53 2024)]
退群：查找用户liang是否已经加入群聊qun。
[file:(demoServer.c), func(quitGroup), line(493), time(Tue Feb 20 22:11:53 2024)]
退群：查找群聊qun是否没有成员。
[file:(demoServer.c), func(quitGroup), line(496), time(Tue Feb 20 22:11:53 2024)]
退群：删除空的群聊qun
[file:(demoServer.c), func(log_init), line(93), time(Tue Feb 20 22:14:05 2024)]
=====================log init done.====================

[file:(demoClient.c), func(log_init), line(97), time(Tue Feb 20 22:14:07 2024)]
=====================log init done.====================

[file:(demoClient.c), func(log_init), line(97), time(Tue Feb 20 22:14:09 2024)]
=====================log init done.====================

[file:(demoServer.c), func(quitGroup), line(464), time(Tue Feb 20 22:14:45 2024)]
退群：查找用户xiao是否已经加入群聊qun。
[file:(demoServer.c), func(quitGroup), line(493), time(Tue Feb 20 22:14:45 2024)]
退群：查找群聊qun是否没有成员。
[file:(demoServer.c), func(log_init), line(93), time(Tue Feb 20 22:17:32 2024)]
=====================log init done.====================

[file:(demoClient.c), func(log_init), line(97), time(Tue Feb 20 22:17:34 2024)]
=====================log init done.====================

[file:(demoClient.c), func(log_init), line(97), time(Tue Feb 20 22:17:38 2024)]
=====================log init done.====================

[file:(demoServer.c), func(quitGroup), line(464), time(Tue Feb 20 22:17:57 2024)]
退群：查找用户ping是否已经加入群聊qun。
[file:(demoServer.c), func(quitGroup), line(464), time(Tue Feb 20 22:18:03 2024)]
退群：查找用户ping是否已经加入群聊qun。
[file:(demoServer.c), func(quitGroup), line(493), time(Tue Feb 20 22:18:03 2024)]
退群：查找群聊qun是否没有成员。
[file:(demoServer.c), func(log_init), line(93), time(Tue Feb 20 22:22:10 2024)]
=====================log init done.====================

[file:(demoClient.c), func(log_init), line(97), time(Tue Feb 20 22:22:15 2024)]
=====================log init done.====================

[file:(demoServer.c), func(quitGroup), line(464), time(Tue Feb 20 22:22:48 2024)]
退群：查找用户ping是否已经加入群聊qun。
[file:(demoServer.c), func(quitGroup), line(493), time(Tue Feb 20 22:22:48 2024)]
退群：查找群聊qun是否没有成员。
[file:(demoServer.c), func(log_init), line(93), time(Tue Feb 20 22:36:58 2024)]
=====================log init done.====================

[file:(demoClient.c), func(log_init), line(97), time(Tue Feb 20 22:37:05 2024)]
=====================log init done.====================

[file:(demoServer.c), func(quitGroup), line(464), time(Tue Feb 20 22:37:46 2024)]
退群：查找用户ping是否已经加入群聊9。
[file:(demoServer.c), func(quitGroup), line(464), time(Tue Feb 20 22:37:58 2024)]
退群：查找用户ping是否已经加入群聊qun。
[file:(demoServer.c), func(quitGroup), line(493), time(Tue Feb 20 22:37:58 2024)]
退群：查找群聊qun是否没有成员。
[file:(demoClient.c), func(log_init), line(97), time(Tue Feb 20 22:38:10 2024)]
=====================log init done.====================

[file:(demoServer.c), func(quitGroup), line(464), time(Tue Feb 20 22:38:24 2024)]
退群：查找用户ping是否已经加入群聊qun。
[file:(demoServer.c), func(quitGroup), line(493), time(Tue Feb 20 22:38:24 2024)]
退群：查找群聊qun是否没有成员。
[file:(demoServer.c), func(log_init), line(93), time(Tue Feb 20 22:40:49 2024)]
=====================log init done.====================

[file:(demoClient.c), func(log_init), line(97), time(Tue Feb 20 22:40:54 2024)]
=====================log init done.====================

[file:(demoServer.c), func(quitGroup), line(464), time(Tue Feb 20 22:41:09 2024)]
退群：查找用户ping是否已经加入群聊qun。
[file:(demoServer.c), func(quitGroup), line(493), time(Tue Feb 20 22:41:09 2024)]
退群：查找群聊qun是否没有成员。
[file:(demoClient.c), func(log_init), line(97), time(Tue Feb 20 22:41:23 2024)]
=====================log init done.====================

[file:(demoServer.c), func(quitGroup), line(464), time(Tue Feb 20 22:41:33 2024)]
退群：查找用户xiao是否已经加入群聊qun。
[file:(demoServer.c), func(quitGroup), line(493), time(Tue Feb 20 22:41:33 2024)]
退群：查找群聊qun是否没有成员。
[file:(demoServer.c), func(quitGroup), line(500), time(Tue Feb 20 22:41:33 2024)]
退群：删除空的群聊qun
[file:(demoServer.c), func(quitGroup), line(464), time(Tue Feb 20 22:42:25 2024)]
退群：查找用户xiao是否已经加入群聊qun。
[file:(demoServer.c), func(quitGroup), line(493), time(Tue Feb 20 22:42:25 2024)]
退群：查找群聊qun是否没有成员。
[file:(demoServer.c), func(quitGroup), line(500), time(Tue Feb 20 22:42:25 2024)]
退群：删除空的群聊qun
[file:(demoServer.c), func(log_init), line(93), time(Tue Feb 20 22:42:44 2024)]
=====================log init done.====================

[file:(demoClient.c), func(log_init), line(97), time(Tue Feb 20 22:42:58 2024)]
=====================log init done.====================

[file:(demoClient.c), func(log_init), line(97), time(Tue Feb 20 22:43:01 2024)]
=====================log init done.====================

[file:(demoServer.c), func(quitGroup), line(464), time(Tue Feb 20 22:43:19 2024)]
退群：查找用户ping是否已经加入群聊qun。
[file:(demoServer.c), func(quitGroup), line(493), time(Tue Feb 20 22:43:19 2024)]
退群：查找群聊qun是否没有成员。
[file:(demoServer.c), func(quitGroup), line(500), time(Tue Feb 20 22:43:19 2024)]
退群：删除空的群聊qun
[file:(demoClient.c), func(log_init), line(97), time(Wed Feb 21 09:27:37 2024)]
=====================log init done.====================

[file:(demoServer.c), func(log_init), line(93), time(Wed Feb 21 09:27:45 2024)]
=====================log init done.====================

[file:(demoClient.c), func(log_init), line(97), time(Wed Feb 21 09:27:50 2024)]
=====================log init done.====================

[file:(demoServer.c), func(log_init), line(93), time(Wed Feb 21 09:28:54 2024)]
=====================log init done.====================

[file:(demoServer.c), func(log_init), line(93), time(Wed Feb 21 09:29:09 2024)]
=====================log init done.====================

[file:(demoClient.c), func(log_init), line(97), time(Wed Feb 21 09:29:24 2024)]
=====================log init done.====================

[file:(demoServer.c), func(log_init), line(93), time(Wed Feb 21 10:44:57 2024)]
=====================log init done.====================

[file:(demoClient.c), func(log_init), line(97), time(Wed Feb 21 10:45:06 2024)]
=====================log init done.====================

[file:(demoClient.c), func(log_init), line(97), time(Wed Feb 21 10:48:18 2024)]
=====================log init done.====================

[file:(demoServer.c), func(log_init), line(88), time(Fri Feb 23 18:22:16 2024)]
=====================log init done.====================

[file:(demoServer.c), func(log_init), line(88), time(Fri Feb 23 18:24:47 2024)]
=====================log init done.====================

[file:(demoServer.c), func(log_init), line(88), time(Fri Feb 23 19:05:49 2024)]
=====================log init done.====================

[file:(demoServer.c), func(log_init), line(88), time(Fri Feb 23 19:08:53 2024)]
=====================log init done.====================

[file:(demoServer.c), func(log_init), line(88), time(Fri Feb 23 19:09:24 2024)]
=====================log init done.====================

[file:(demoServer.c), func(log_init), line(88), time(Fri Feb 23 19:17:59 2024)]
=====================log init done.====================

[file:(demoServer.c), func(log_init), line(88), time(Fri Feb 23 19:19:48 2024)]
=====================log init done.====================

[file:(demoServer.c), func(log_init), line(88), time(Fri Feb 23 19:20:26 2024)]
=====================log init done.====================

[file:(demoServer.c), func(log_init), line(88), time(Fri Feb 23 19:23:37 2024)]
=====================log init done.====================

[file:(demoServer.c), func(log_init), line(88), time(Fri Feb 23 20:22:24 2024)]
=====================log init done.====================

[file:(demoServer.c), func(log_init), line(88), time(Fri Feb 23 20:22:45 2024)]
=====================log init done.====================

[file:(demoClient.c), func(log_init), line(95), time(Fri Feb 23 20:52:06 2024)]
=====================log init done.====================

[file:(demoClient.c), func(log_init), line(95), time(Fri Feb 23 20:52:30 2024)]
=====================log init done.====================

[file:(demoServer.c), func(log_init), line(88), time(Sat Feb 24 10:13:54 2024)]
=====================log init done.====================

[file:(demoClient.c), func(log_init), line(95), time(Sat Feb 24 10:14:16 2024)]
=====================log init done.====================

[file:(demoClient.c), func(log_init), line(95), time(Sat Feb 24 10:14:37 2024)]
=====================log init done.====================

[file:(demoClient.c), func(log_init), line(95), time(Sat Feb 24 10:25:59 2024)]
=====================log init done.====================

[file:(demoServer.c), func(log_init), line(88), time(Sat Feb 24 10:26:13 2024)]
=====================log init done.====================

[file:(demoClient.c), func(log_init), line(95), time(Sat Feb 24 10:26:20 2024)]
=====================log init done.====================

[file:(demoClient.c), func(log_init), line(95), time(Sat Feb 24 10:26:30 2024)]
=====================log init done.====================

[file:(demoServer.c), func(log_init), line(88), time(Sat Feb 24 10:27:40 2024)]
=====================log init done.====================

[file:(demoClient.c), func(log_init), line(95), time(Sat Feb 24 10:28:03 2024)]
=====================log init done.====================

[file:(demoServer.c), func(log_init), line(88), time(Sat Feb 24 10:29:48 2024)]
=====================log init done.====================

[file:(demoClient.c), func(log_init), line(95), time(Sat Feb 24 10:30:17 2024)]
=====================log init done.====================

[file:(demoServer.c), func(log_init), line(88), time(Sat Feb 24 10:43:25 2024)]
=====================log init done.====================

[file:(demoClient.c), func(log_init), line(95), time(Sat Feb 24 10:44:01 2024)]
=====================log init done.====================

[file:(demoServer.c), func(log_init), line(88), time(Sat Feb 24 10:53:07 2024)]
=====================log init done.====================

[file:(demoServer.c), func(log_init), line(88), time(Sat Feb 24 10:53:26 2024)]
=====================log init done.====================

[file:(demoServer.c), func(log_init), line(88), time(Sat Feb 24 10:53:51 2024)]
=====================log init done.====================

[file:(demoClient.c), func(log_init), line(95), time(Sat Feb 24 10:54:01 2024)]
=====================log init done.====================

[file:(demoServer.c), func(log_init), line(88), time(Sat Feb 24 10:56:26 2024)]
=====================log init done.====================

[file:(demoClient.c), func(log_init), line(95), time(Sat Feb 24 10:57:47 2024)]
=====================log init done.====================

[file:(demoServer.c), func(log_init), line(88), time(Sat Feb 24 14:32:59 2024)]
=====================log init done.====================

[file:(demoServer.c), func(log_init), line(88), time(Sat Feb 24 14:33:16 2024)]
=====================log init done.====================

[file:(demoServer.c), func(log_init), line(88), time(Sat Feb 24 14:33:27 2024)]
=====================log init done.====================

[file:(demoServer.c), func(log_init), line(88), time(Sat Feb 24 14:33:57 2024)]
=====================log init done.====================

[file:(demoServer.c), func(log_init), line(88), time(Sat Feb 24 14:41:33 2024)]
=====================log init done.====================

[file:(demoServer.c), func(log_init), line(88), time(Sat Feb 24 14:55:11 2024)]
=====================log init done.====================

[file:(demoClient.c), func(log_init), line(95), time(Sat Feb 24 14:55:27 2024)]
=====================log init done.====================

[file:(demoServer.c), func(log_init), line(88), time(Sat Feb 24 15:04:20 2024)]
=====================log init done.====================

[file:(demoClient.c), func(log_init), line(95), time(Sat Feb 24 15:04:38 2024)]
=====================log init done.====================

[file:(demoServer.c), func(log_init), line(88), time(Sat Feb 24 16:32:09 2024)]
=====================log init done.====================

[file:(demoClient.c), func(log_init), line(95), time(Sat Feb 24 16:32:27 2024)]
=====================log init done.====================

[file:(demoServer.c), func(log_init), line(88), time(Sun Feb 25 16:13:11 2024)]
=====================log init done.====================

[file:(demoServer.c), func(log_init), line(88), time(Sun Feb 25 16:26:45 2024)]
=====================log init done.====================

[file:(demoClient.c), func(log_init), line(95), time(Sun Feb 25 16:27:08 2024)]
=====================log init done.====================

[file:(demoClient.c), func(log_init), line(95), time(Sun Feb 25 16:27:18 2024)]
=====================log init done.====================

[file:(demoClient.c), func(log_init), line(95), time(Sun Feb 25 16:31:01 2024)]
=====================log init done.====================

[file:(demoClient.c), func(log_init), line(95), time(Sun Feb 25 16:31:07 2024)]
=====================log init done.====================

[file:(demoServer.c), func(log_init), line(88), time(Sun Feb 25 16:31:43 2024)]
=====================log init done.====================

[file:(demoClient.c), func(log_init), line(95), time(Sun Feb 25 16:32:09 2024)]
=====================log init done.====================

[file:(demoClient.c), func(log_init), line(95), time(Sun Feb 25 16:32:12 2024)]
=====================log init done.====================

[file:(demoServer.c), func(log_init), line(88), time(Sun Feb 25 16:39:27 2024)]
=====================log init done.====================

[file:(demoClient.c), func(log_init), line(95), time(Sun Feb 25 16:39:58 2024)]
=====================log init done.====================

[file:(demoClient.c), func(log_init), line(95), time(Sun Feb 25 16:40:05 2024)]
=====================log init done.====================

[file:(demoServer.c), func(log_init), line(88), time(Sun Feb 25 19:41:34 2024)]
=====================log init done.====================

[file:(demoClient.c), func(log_init), line(95), time(Sun Feb 25 19:41:44 2024)]
=====================log init done.====================

[file:(demoServer.c), func(log_init), line(88), time(Sun Feb 25 19:47:14 2024)]
=====================log init done.====================

[file:(demoClient.c), func(log_init), line(95), time(Sun Feb 25 19:47:26 2024)]
=====================log init done.====================

[file:(demoServer.c), func(log_init), line(88), time(Sun Feb 25 21:03:31 2024)]
=====================log init done.====================

[file:(demoServer.c), func(log_init), line(88), time(Sun Feb 25 21:03:46 2024)]
=====================log init done.====================

[file:(demoClient.c), func(log_init), line(95), time(Sun Feb 25 21:03:55 2024)]
=====================log init done.====================

[file:(demoServer.c), func(log_init), line(88), time(Sun Feb 25 21:18:48 2024)]
=====================log init done.====================

[file:(demoClient.c), func(log_init), line(95), time(Sun Feb 25 21:18:51 2024)]
=====================log init done.====================

[file:(demoClient.c), func(log_init), line(95), time(Sun Feb 25 21:18:55 2024)]
=====================log init done.====================

[file:(demoServer.c), func(log_init), line(88), time(Sun Feb 25 21:21:11 2024)]
=====================log init done.====================

[file:(demoClient.c), func(log_init), line(95), time(Sun Feb 25 21:21:26 2024)]
=====================log init done.====================

[file:(demoClient.c), func(log_init), line(95), time(Sun Feb 25 21:21:35 2024)]
=====================log init done.====================

[file:(demoClient.c), func(log_init), line(95), time(Sun Feb 25 21:23:05 2024)]
=====================log init done.====================

[file:(demoServer.c), func(log_init), line(88), time(Sun Feb 25 21:42:13 2024)]
=====================log init done.====================

[file:(demoClient.c), func(log_init), line(95), time(Sun Feb 25 21:42:15 2024)]
=====================log init done.====================

[file:(demoClient.c), func(log_init), line(95), time(Sun Feb 25 21:42:18 2024)]
=====================log init done.====================

[file:(demoClient.c), func(log_init), line(95), time(Sun Feb 25 21:42:21 2024)]
=====================log init done.====================

[file:(demoServer.c), func(quitGroup), line(465), time(Sun Feb 25 21:42:44 2024)]
退群：查找用户wang是否已经加入群聊456132。
[file:(demoServer.c), func(quitGroup), line(494), time(Sun Feb 25 21:42:44 2024)]
退群：查找群聊456132是否没有成员。
[file:(demoServer.c), func(quitGroup), line(465), time(Sun Feb 25 21:42:52 2024)]
退群：查找用户liu是否已经加入群聊456132。
[file:(demoServer.c), func(quitGroup), line(494), time(Sun Feb 25 21:42:52 2024)]
退群：查找群聊456132是否没有成员。
[file:(demoServer.c), func(quitGroup), line(465), time(Sun Feb 25 21:42:58 2024)]
退群：查找用户liang是否已经加入群聊456132。
[file:(demoServer.c), func(quitGroup), line(494), time(Sun Feb 25 21:42:58 2024)]
退群：查找群聊456132是否没有成员。
[file:(demoServer.c), func(quitGroup), line(501), time(Sun Feb 25 21:42:58 2024)]
退群：删除空的群聊456132
[file:(demoServer.c), func(quitGroup), line(465), time(Sun Feb 25 21:43:41 2024)]
退群：查找用户wang是否已经加入群聊xiaozhu。
[file:(demoServer.c), func(quitGroup), line(494), time(Sun Feb 25 21:43:41 2024)]
退群：查找群聊xiaozhu是否没有成员。
[file:(demoServer.c), func(quitGroup), line(501), time(Sun Feb 25 21:43:41 2024)]
退群：删除空的群聊xiaozhu
[file:(demoServer.c), func(log_init), line(88), time(Mon Feb 26 09:46:53 2024)]
=====================log init done.====================

[file:(demoClient.c), func(log_init), line(95), time(Mon Feb 26 09:46:58 2024)]
=====================log init done.====================

[file:(demoClient.c), func(log_init), line(95), time(Mon Feb 26 09:47:08 2024)]
=====================log init done.====================

[file:(demoServer.c), func(log_init), line(88), time(Mon Feb 26 09:50:10 2024)]
=====================log init done.====================

[file:(demoClient.c), func(log_init), line(95), time(Mon Feb 26 09:50:13 2024)]
=====================log init done.====================

[file:(demoClient.c), func(log_init), line(95), time(Mon Feb 26 09:50:28 2024)]
=====================log init done.====================

[file:(demoServer.c), func(log_init), line(88), time(Mon Feb 26 10:01:33 2024)]
=====================log init done.====================

[file:(demoClient.c), func(log_init), line(95), time(Mon Feb 26 10:01:37 2024)]
=====================log init done.====================

[file:(demoClient.c), func(log_init), line(95), time(Mon Feb 26 10:01:43 2024)]
=====================log init done.====================

